<?xml version="1.0" encoding="UTF-8"?>
<!-- Generated by org.testng.reporters.JUnitReportReporter -->
<testsuite hostname="DESKTOP-F8IID4M" failures="0" tests="4" name="LoginValidation" time="23.840" errors="0" timestamp="2023-08-18T16:30:15 BDT" skipped="0">
  <testcase classname="LoginValidation" name="VerifyLoginWithValidEmailAndPassword" time="9.581"/>
  <system-out/>
  <testcase classname="LoginValidation" name="VerifyLoginWithInValidEmail" time="4.696"/>
  <system-out/>
  <testcase classname="LoginValidation" name="VerifyLoginWithInvalidPassword" time="4.814"/>
  <system-out/>
  <testcase classname="LoginValidation" name="VerifyLoginWithInvalidEmailAndInvalidPassword" time="4.749"/>
  <system-out/>
</testsuite> <!-- LoginValidation -->
