<?xml version="1.0" encoding="UTF-8"?>
<!-- Generated by org.testng.reporters.JUnitReportReporter -->
<testsuite hostname="DESKTOP-F8IID4M" failures="0" tests="4" name="LoginValidation" time="23.206" errors="0" timestamp="2023-08-18T16:54:23 BDT" skipped="0">
  <testcase classname="LoginValidation" name="VerifyLoginWithValidEmailAndPassword" time="8.447"/>
  <system-out/>
  <testcase classname="LoginValidation" name="VerifyLoginWithInValidEmail" time="4.792"/>
  <system-out/>
  <testcase classname="LoginValidation" name="VerifyLoginWithInvalidPassword" time="5.031"/>
  <system-out/>
  <testcase classname="LoginValidation" name="VerifyLoginWithInvalidEmailAndInvalidPassword" time="4.936"/>
  <system-out/>
</testsuite> <!-- LoginValidation -->
