<?xml version="1.0" encoding="UTF-8"?>
<!-- Generated by org.testng.reporters.JUnitReportReporter -->
<testsuite hostname="DESKTOP-F8IID4M" failures="0" tests="2" name="RegistrationValidation" time="30.735" errors="0" timestamp="2023-08-18T22:05:10 BDT" skipped="0">
  <testcase classname="RegistrationValidation" name="VerifyRegistration" time="15.832"/>
  <system-out/>
  <testcase classname="RegistrationValidation" name="VerifyRegistrationWithoutFirstName" time="14.903"/>
  <system-out/>
</testsuite> <!-- RegistrationValidation -->
