<?xml version="1.0" encoding="UTF-8"?>
<!-- Generated by org.testng.reporters.JUnitReportReporter -->
<testsuite hostname="DESKTOP-F8IID4M" failures="0" tests="1" name="RegistrationValidation" time="7.790" errors="0" timestamp="2023-08-18T16:35:04 BDT" skipped="0">
  <testcase classname="RegistrationValidation" name="VerifyRegistration" time="7.790"/>
  <system-out/>
</testsuite> <!-- RegistrationValidation -->
