<?xml version="1.0" encoding="UTF-8"?>
<!-- Generated by org.testng.reporters.JUnitReportReporter -->
<testsuite hostname="DESKTOP-F8IID4M" failures="0" tests="1" name="Testing" time="13.618" errors="0" timestamp="2023-08-16T23:49:52 BDT" skipped="0">
  <testcase classname="Testing" name="loginTest" time="13.618"/>
  <system-out/>
</testsuite> <!-- Testing -->
