<?xml version="1.0" encoding="UTF-8"?>
<!-- Generated by org.testng.reporters.JUnitReportReporter -->
<testsuite hostname="DESKTOP-F8IID4M" failures="0" tests="2" name="VerifyTitle" time="12.657" errors="0" timestamp="2023-08-18T01:35:08 BDT" skipped="0">
  <testcase classname="VerifyTitle" name="VerifyLoginTestValidEmail" time="8.070"/>
  <system-out/>
  <testcase classname="VerifyTitle" name="VerifyLoginTestInValidEmail" time="4.587"/>
  <system-out/>
</testsuite> <!-- VerifyTitle -->
