<?xml version="1.0" encoding="UTF-8"?>
<!-- Generated by org.testng.reporters.JUnitReportReporter -->
<testsuite hostname="DESKTOP-F8IID4M" failures="0" tests="4" name="FormValidation" time="25.011" errors="0" timestamp="2023-08-18T11:55:11 BDT" skipped="0">
  <testcase classname="FormValidation" name="VerifyLoginWithValidEmailAndPassword" time="9.910"/>
  <system-out/>
  <testcase classname="FormValidation" name="VerifyLoginWithInValidEmail" time="4.742"/>
  <system-out/>
  <testcase classname="FormValidation" name="VerifyLoginWithInvalidPassword" time="5.170"/>
  <system-out/>
  <testcase classname="FormValidation" name="VerifyLoginWithInvalidEmailAndInvalidPassword" time="5.189"/>
  <system-out/>
</testsuite> <!-- FormValidation -->
